<?xml version="1.0" encoding="UTF-8"?>
<testng-results skipped="0" failed="0" ignored="0" total="1" passed="1">
  <reporter-output>
  </reporter-output>
  <suite name="Suite" duration-ms="110373" started-at="2022-07-20T15:31:12Z" finished-at="2022-07-20T15:33:03Z">
    <groups>
    </groups>
    <test name="Test" duration-ms="110373" started-at="2022-07-20T15:31:12Z" finished-at="2022-07-20T15:33:03Z">
      <class name="Saikumar.sairam.SaiTest">
        <test-method status="PASS" signature="setUp(java.lang.String)[pri:0, instance:Saikumar.sairam.SaiTest@7995092a]" name="setUp" duration-ms="110256" started-at="2022-07-20T15:31:12Z" finished-at="2022-07-20T15:33:03Z">
          <params>
            <param index="0">
              <value>
                <![CDATA[Chrome]]>
              </value>
            </param>
          </params>
          <reporter-output>
          </reporter-output>
        </test-method> <!-- setUp -->
      </class> <!-- Saikumar.sairam.SaiTest -->
    </test> <!-- Test -->
  </suite> <!-- Suite -->
</testng-results>
