<?xml version="1.0" encoding="UTF-8"?>
<testng-results skipped="0" failed="0" ignored="0" total="1" passed="1">
  <reporter-output>
  </reporter-output>
  <suite name="Default suite" duration-ms="225238" started-at="2022-07-20T14:21:12Z" finished-at="2022-07-20T14:24:58Z">
    <groups>
    </groups>
    <test name="Default test" duration-ms="225238" started-at="2022-07-20T14:21:12Z" finished-at="2022-07-20T14:24:58Z">
      <class name="Saikumar.sairam.SaiTest">
        <test-method status="PASS" signature="setUp()[pri:0, instance:Saikumar.sairam.SaiTest@309e345f]" name="setUp" duration-ms="225094" started-at="2022-07-20T14:21:13Z" finished-at="2022-07-20T14:24:58Z">
          <reporter-output>
          </reporter-output>
        </test-method> <!-- setUp -->
      </class> <!-- Saikumar.sairam.SaiTest -->
    </test> <!-- Default test -->
  </suite> <!-- Default suite -->
</testng-results>
